2017-10-16T03:28:54+00:00 CRITICAL Call to undefined function tvlgiao_wpdance_get_data_package()

2017-10-16T09:59:02+00:00 CRITICAL Call to undefined function tvlgiao_wpdance_get_html_block_layout_choices()

2017-10-16T10:01:25+00:00 CRITICAL Call to undefined function tvlgiao_wpdance_get_html_block_layout_choices()

2017-10-18T07:24:24+00:00 CRITICAL Class 'Tvlgiao_Wpdance_Admin_GeneralTheme' not found

2017-10-18T07:25:48+00:00 CRITICAL Class 'Tvlgiao_Wpdance_Admin_GeneralTheme' not found

2017-10-18T07:26:24+00:00 CRITICAL Class 'Tvlgiao_Wpdance_Admin_GeneralTheme' not found

2017-10-18T07:26:46+00:00 CRITICAL Class 'Tvlgiao_Wpdance_Admin_GeneralTheme' not found

2017-10-18T07:27:08+00:00 CRITICAL Class 'Tvlgiao_Wpdance_Admin_GeneralTheme' not found

2017-10-18T07:28:02+00:00 CRITICAL Class 'Tvlgiao_Wpdance_Admin_GeneralTheme' not found

2017-10-18T07:28:24+00:00 CRITICAL Class 'Tvlgiao_Wpdance_Admin_GeneralTheme' not found

2017-10-18T07:28:46+00:00 CRITICAL Class 'Tvlgiao_Wpdance_Admin_GeneralTheme' not found

2017-10-18T07:29:16+00:00 CRITICAL Class 'Tvlgiao_Wpdance_Admin_GeneralTheme' not found

2017-10-18T07:29:18+00:00 CRITICAL Class 'Tvlgiao_Wpdance_Admin_GeneralTheme' not found

2017-10-23T03:07:56+00:00 CRITICAL Call to undefined function tvlgiao_wpdance_transient_menu()

2017-10-23T03:09:05+00:00 CRITICAL Call to undefined function tvlgiao_wpdance_transient_menu()

2017-10-23T03:18:09+00:00 CRITICAL Call to undefined function tvlgiao_wpdance_transient_menu()

2017-10-23T03:19:53+00:00 CRITICAL Call to undefined function tvlgiao_wpdance_transient_menu()

2017-10-24T05:02:21+00:00 CRITICAL Call to undefined function tvlgiao_wpdance_email_popup_enable()

2017-10-24T05:02:37+00:00 CRITICAL Call to undefined function tvlgiao_wpdance_email_popup_enable()

2017-10-26T08:40:52+00:00 CRITICAL Cannot use object of type stdClass as array

2017-10-30T07:25:17+00:00 CRITICAL Call to undefined function tvlgiao_wpdance_list_plugin_to_check()

2017-11-13T03:46:52+00:00 CRITICAL Call to undefined function int()

2017-11-30T12:48:09+00:00 CRITICAL Using $this when not in object context

2017-11-30T12:48:55+00:00 CRITICAL Using $this when not in object context

2017-11-30T12:49:42+00:00 CRITICAL Using $this when not in object context

2017-11-30T12:50:02+00:00 CRITICAL Using $this when not in object context

2017-11-30T15:17:22+00:00 CRITICAL Maximum execution time of 180 seconds exceeded

2017-12-02T03:47:02+00:00 CRITICAL Call to undefined function tvlgiao_wpdance_get_list_blog_special_layout()

2017-12-02T03:47:09+00:00 CRITICAL Call to undefined function tvlgiao_wpdance_get_list_blog_special_layout()

2017-12-02T03:47:31+00:00 CRITICAL Call to undefined function tvlgiao_wpdance_get_list_blog_special_layout()

2017-12-02T03:47:35+00:00 CRITICAL Call to undefined function tvlgiao_wpdance_get_list_blog_special_layout()

2017-12-02T03:47:41+00:00 CRITICAL Call to undefined function tvlgiao_wpdance_get_list_blog_special_layout()

2017-12-02T03:48:02+00:00 CRITICAL Call to undefined function tvlgiao_wpdance_get_list_blog_special_layout()

2017-12-02T03:48:09+00:00 CRITICAL Call to undefined function tvlgiao_wpdance_get_list_blog_special_layout()

2017-12-02T03:48:36+00:00 CRITICAL Call to undefined function tvlgiao_wpdance_get_list_blog_special_layout()

2017-12-02T03:48:41+00:00 CRITICAL Call to undefined function tvlgiao_wpdance_get_list_blog_special_layout()

2017-12-02T03:49:09+00:00 CRITICAL Call to undefined function tvlgiao_wpdance_get_list_blog_special_layout()

2017-12-02T03:49:18+00:00 CRITICAL Call to undefined function tvlgiao_wpdance_get_list_blog_special_layout()

2017-12-02T03:49:34+00:00 CRITICAL Call to undefined function tvlgiao_wpdance_get_list_blog_special_layout()

2017-12-02T03:50:02+00:00 CRITICAL Call to undefined function tvlgiao_wpdance_get_list_blog_special_layout()

2017-12-03T14:34:14+00:00 CRITICAL Call to undefined method WD_Product_Custom_Field::get_team_meta_data()

2017-12-04T14:38:34+00:00 CRITICAL Call to undefined function get_product_field_meta_data()

