2017-06-29T02:37:38+00:00 INFO Queuing 3.1.0 - wc_update_310_downloadable_products
2017-06-29T02:37:38+00:00 INFO Queuing 3.1.0 - wc_update_310_old_comments
2017-06-29T02:37:38+00:00 INFO Queuing 3.1.0 - wc_update_310_db_version
2017-06-29T02:37:42+00:00 INFO Running wc_update_310_downloadable_products callback
2017-06-29T02:37:43+00:00 INFO Finished wc_update_310_downloadable_products callback
2017-06-29T02:37:43+00:00 INFO Running wc_update_310_old_comments callback
2017-06-29T02:37:43+00:00 INFO Finished wc_update_310_old_comments callback
2017-06-29T02:37:43+00:00 INFO Running wc_update_310_db_version callback
2017-06-29T02:37:43+00:00 INFO Finished wc_update_310_db_version callback
2017-06-29T02:37:43+00:00 INFO Data update complete
2017-08-17T04:36:27+00:00 INFO Queuing 3.1.2 - wc_update_312_shop_manager_capabilities
2017-08-17T04:36:27+00:00 INFO Queuing 3.1.2 - wc_update_312_db_version
2017-08-17T04:36:33+00:00 INFO Running wc_update_312_shop_manager_capabilities callback
2017-08-17T04:36:33+00:00 INFO Finished wc_update_312_shop_manager_capabilities callback
2017-08-17T04:36:33+00:00 INFO Running wc_update_312_db_version callback
2017-08-17T04:36:33+00:00 INFO Finished wc_update_312_db_version callback
2017-08-17T04:36:34+00:00 INFO Data update complete
2017-10-13T03:53:18+00:00 INFO Queuing 3.2.0 - wc_update_320_mexican_states
2017-10-13T03:53:18+00:00 INFO Queuing 3.2.0 - wc_update_320_db_version
2017-10-13T03:53:23+00:00 INFO Running wc_update_320_mexican_states callback
2017-10-13T03:53:23+00:00 INFO Finished wc_update_320_mexican_states callback
2017-10-13T03:53:23+00:00 INFO Running wc_update_320_db_version callback
2017-10-13T03:53:23+00:00 INFO Finished wc_update_320_db_version callback
2017-10-13T03:53:23+00:00 INFO Data update complete
